# JRE version: OpenJDK Runtime Environment (8.0_181-b13) (build 1.8.0_181-8u181-b13-1~deb9u1-b13)
# Java VM: OpenJDK 64-Bit Server VM (25.181-b13 mixed mode linux-amd64 compressed oops)
Heap:
 PSYoungGen      total 94208K, used 6639K [0x00000000f6200000, 0x00000000fc480000, 0x0000000100000000)
  eden space 87552K, 0% used [0x00000000f6200000,0x00000000f6200000,0x00000000fb780000)
  from space 6656K, 99% used [0x00000000fb780000,0x00000000fbdfbdb0,0x00000000fbe00000)
  to   space 5632K, 0% used [0x00000000fbe80000,0x00000000fbe80000,0x00000000fc400000)
 ParOldGen       total 22528K, used 18220K [0x00000000e2600000, 0x00000000e3c00000, 0x00000000f6200000)
  object space 22528K, 80% used [0x00000000e2600000,0x00000000e37cb3c0,0x00000000e3c00000)
 Metaspace       used 29370K, capacity 30616K, committed 30896K, reserved 1075200K
  class space    used 3892K, capacity 4155K, committed 4272K, reserved 1048576K
GC Heap History (10 events):
Event: 2.606 GC heap after
Heap after GC invocations=7 (full 0):
 PSYoungGen      total 35840K, used 3060K [0x00000000f6200000, 0x00000000faa00000, 0x0000000100000000)
  eden space 32768K, 0% used [0x00000000f6200000,0x00000000f6200000,0x00000000f8200000)
  from space 3072K, 99% used [0x00000000f8200000,0x00000000f84fd3a0,0x00000000f8500000)
  to   space 4096K, 0% used [0x00000000fa600000,0x00000000fa600000,0x00000000faa00000)
 ParOldGen       total 20480K, used 7474K [0x00000000e2600000, 0x00000000e3a00000, 0x00000000f6200000)
  object space 20480K, 36% used [0x00000000e2600000,0x00000000e2d4ca90,0x00000000e3a00000)
 Metaspace       used 17264K, capacity 17722K, committed 17792K, reserved 1064960K
  class space    used 2258K, capacity 2406K, committed 2432K, reserved 1048576K
}
Event: 2.895 GC heap before
{Heap before GC invocations=8 (full 0):
 PSYoungGen      total 35840K, used 28022K [0x00000000f6200000, 0x00000000faa00000, 0x0000000100000000)
  eden space 32768K, 76% used [0x00000000f6200000,0x00000000f7a604e8,0x00000000f8200000)
  from space 3072K, 99% used [0x00000000f8200000,0x00000000f84fd3a0,0x00000000f8500000)
  to   space 4096K, 0% used [0x00000000fa600000,0x00000000fa600000,0x00000000faa00000)
 ParOldGen       total 20480K, used 7474K [0x00000000e2600000, 0x00000000e3a00000, 0x00000000f6200000)
  object space 20480K, 36% used [0x00000000e2600000,0x00000000e2d4ca90,0x00000000e3a00000)
 Metaspace       used 20747K, capacity 21228K, committed 21296K, reserved 1067008K
  class space    used 2679K, capacity 2829K, committed 2864K, reserved 1048576K
Event: 2.908 GC heap after
Heap after GC invocations=8 (full 0):
 PSYoungGen      total 68608K, used 4086K [0x00000000f6200000, 0x00000000fac00000, 0x0000000100000000)
  eden space 64512K, 0% used [0x00000000f6200000,0x00000000f6200000,0x00000000fa100000)
  from space 4096K, 99% used [0x00000000fa600000,0x00000000fa9fdb80,0x00000000faa00000)
  to   space 5120K, 0% used [0x00000000fa100000,0x00000000fa100000,0x00000000fa600000)
 ParOldGen       total 20480K, used 8321K [0x00000000e2600000, 0x00000000e3a00000, 0x00000000f6200000)
  object space 20480K, 40% used [0x00000000e2600000,0x00000000e2e20580,0x00000000e3a00000)
 Metaspace       used 20747K, capacity 21228K, committed 21296K, reserved 1067008K
  class space    used 2679K, capacity 2829K, committed 2864K, reserved 1048576K
}
Event: 2.908 GC heap before
{Heap before GC invocations=9 (full 1):
 PSYoungGen      total 68608K, used 4086K [0x00000000f6200000, 0x00000000fac00000, 0x0000000100000000)
  eden space 64512K, 0% used [0x00000000f6200000,0x00000000f6200000,0x00000000fa100000)
  from space 4096K, 99% used [0x00000000fa600000,0x00000000fa9fdb80,0x00000000faa00000)
  to   space 5120K, 0% used [0x00000000fa100000,0x00000000fa100000,0x00000000fa600000)
 ParOldGen       total 20480K, used 8321K [0x00000000e2600000, 0x00000000e3a00000, 0x00000000f6200000)
  object space 20480K, 40% used [0x00000000e2600000,0x00000000e2e20580,0x00000000e3a00000)
 Metaspace       used 20747K, capacity 21228K, committed 21296K, reserved 1067008K
  class space    used 2679K, capacity 2829K, committed 2864K, reserved 1048576K
Event: 2.964 GC heap after
Heap after GC invocations=9 (full 1):
 PSYoungGen      total 68608K, used 0K [0x00000000f6200000, 0x00000000fac00000, 0x0000000100000000)
  eden space 64512K, 0% used [0x00000000f6200000,0x00000000f6200000,0x00000000fa100000)
  from space 4096K, 0% used [0x00000000fa600000,0x00000000fa600000,0x00000000faa00000)
  to   space 5120K, 0% used [0x00000000fa100000,0x00000000fa100000,0x00000000fa600000)
 ParOldGen       total 22528K, used 8934K [0x00000000e2600000, 0x00000000e3c00000, 0x00000000f6200000)
  object space 22528K, 39% used [0x00000000e2600000,0x00000000e2eb9940,0x00000000e3c00000)
 Metaspace       used 20747K, capacity 21228K, committed 21296K, reserved 1067008K
  class space    used 2679K, capacity 2829K, committed 2864K, reserved 1048576K
}
Event: 3.888 GC heap before
{Heap before GC invocations=10 (full 1):
 PSYoungGen      total 68608K, used 64512K [0x00000000f6200000, 0x00000000fac00000, 0x0000000100000000)
  eden space 64512K, 100% used [0x00000000f6200000,0x00000000fa100000,0x00000000fa100000)
  from space 4096K, 0% used [0x00000000fa600000,0x00000000fa600000,0x00000000faa00000)
  to   space 5120K, 0% used [0x00000000fa100000,0x00000000fa100000,0x00000000fa600000)
 ParOldGen       total 22528K, used 8934K [0x00000000e2600000, 0x00000000e3c00000, 0x00000000f6200000)
  object space 22528K, 39% used [0x00000000e2600000,0x00000000e2eb9940,0x00000000e3c00000)
 Metaspace       used 22225K, capacity 22926K, committed 23088K, reserved 1069056K
  class space    used 2907K, capacity 3089K, committed 3120K, reserved 1048576K
Event: 3.899 GC heap after
Heap after GC invocations=10 (full 1):
 PSYoungGen      total 69632K, used 4206K [0x00000000f6200000, 0x00000000fc400000, 0x0000000100000000)
  eden space 64512K, 0% used [0x00000000f6200000,0x00000000f6200000,0x00000000fa100000)
  from space 5120K, 82% used [0x00000000fa100000,0x00000000fa51b948,0x00000000fa600000)
  to   space 5632K, 0% used [0x00000000fbe80000,0x00000000fbe80000,0x00000000fc400000)
 ParOldGen       total 22528K, used 9006K [0x00000000e2600000, 0x00000000e3c00000, 0x00000000f6200000)
  object space 22528K, 39% used [0x00000000e2600000,0x00000000e2ecb950,0x00000000e3c00000)
 Metaspace       used 22225K, capacity 22926K, committed 23088K, reserved 1069056K
  class space    used 2907K, capacity 3089K, committed 3120K, reserved 1048576K
}
Event: 4.989 GC heap before
{Heap before GC invocations=11 (full 1):
 PSYoungGen      total 69632K, used 68718K [0x00000000f6200000, 0x00000000fc400000, 0x0000000100000000)
  eden space 64512K, 100% used [0x00000000f6200000,0x00000000fa100000,0x00000000fa100000)
  from space 5120K, 82% used [0x00000000fa100000,0x00000000fa51b948,0x00000000fa600000)
  to   space 5632K, 0% used [0x00000000fbe80000,0x00000000fbe80000,0x00000000fc400000)
 ParOldGen       total 22528K, used 9006K [0x00000000e2600000, 0x00000000e3c00000, 0x00000000f6200000)
  object space 22528K, 39% used [0x00000000e2600000,0x00000000e2ecb950,0x00000000e3c00000)
 Metaspace       used 25092K, capacity 26152K, committed 26416K, reserved 1073152K
  class space    used 3306K, capacity 3529K, committed 3632K, reserved 1048576K
Event: 5.004 GC heap after
Heap after GC invocations=11 (full 1):
 PSYoungGen      total 93184K, used 5623K [0x00000000f6200000, 0x00000000fc480000, 0x0000000100000000)
  eden space 87552K, 0% used [0x00000000f6200000,0x00000000f6200000,0x00000000fb780000)
  from space 5632K, 99% used [0x00000000fbe80000,0x00000000fc3fdde8,0x00000000fc400000)
  to   space 6656K, 0% used [0x00000000fb780000,0x00000000fb780000,0x00000000fbe00000)
 ParOldGen       total 22528K, used 10154K [0x00000000e2600000, 0x00000000e3c00000, 0x00000000f6200000)
  object space 22528K, 45% used [0x00000000e2600000,0x00000000e2fea9b0,0x00000000e3c00000)
 Metaspace       used 25092K, capacity 26152K, committed 26416K, reserved 1073152K
  class space    used 3306K, capacity 3529K, committed 3632K, reserved 1048576K
}
Event: 7.118 GC heap before
{Heap before GC invocations=12 (full 1):
 PSYoungGen      total 93184K, used 93175K [0x00000000f6200000, 0x00000000fc480000, 0x0000000100000000)
  eden space 87552K, 100% used [0x00000000f6200000,0x00000000fb780000,0x00000000fb780000)
  from space 5632K, 99% used [0x00000000fbe80000,0x00000000fc3fdde8,0x00000000fc400000)
  to   space 6656K, 0% used [0x00000000fb780000,0x00000000fb780000,0x00000000fbe00000)
 ParOldGen       total 22528K, used 10154K [0x00000000e2600000, 0x00000000e3c00000, 0x00000000f6200000)
  object space 22528K, 45% used [0x00000000e2600000,0x00000000e2fea9b0,0x00000000e3c00000)
 Metaspace       used 29370K, capacity 30616K, committed 30896K, reserved 1075200K
  class space    used 3892K, capacity 4155K, committed 4272K, reserved 1048576K

