# JRE version: OpenJDK Runtime Environment (8.0_181-b13) (build 1.8.0_181-8u181-b13-1~deb9u1-b13)
# Java VM: OpenJDK 64-Bit Server VM (25.181-b13 mixed mode linux-amd64 compressed oops)
Heap:
 PSYoungGen      total 92672K, used 6646K [0x00000000f6200000, 0x00000000fc300000, 0x0000000100000000)
  eden space 86016K, 0% used [0x00000000f6200000,0x00000000f6200000,0x00000000fb600000)
  from space 6656K, 99% used [0x00000000fb600000,0x00000000fbc7db90,0x00000000fbc80000)
  to   space 5632K, 0% used [0x00000000fbd00000,0x00000000fbd00000,0x00000000fc280000)
 ParOldGen       total 23040K, used 18886K [0x00000000e2600000, 0x00000000e3c80000, 0x00000000f6200000)
  object space 23040K, 81% used [0x00000000e2600000,0x00000000e3871a30,0x00000000e3c80000)
 Metaspace       used 29366K, capacity 30624K, committed 30896K, reserved 1075200K
  class space    used 3887K, capacity 4155K, committed 4272K, reserved 1048576K
GC Heap History (10 events):
Event: 2.306 GC heap after
Heap after GC invocations=7 (full 0):
 PSYoungGen      total 35840K, used 3056K [0x00000000f6200000, 0x00000000faa00000, 0x0000000100000000)
  eden space 32768K, 0% used [0x00000000f6200000,0x00000000f6200000,0x00000000f8200000)
  from space 3072K, 99% used [0x00000000f8200000,0x00000000f84fc008,0x00000000f8500000)
  to   space 4096K, 0% used [0x00000000fa600000,0x00000000fa600000,0x00000000faa00000)
 ParOldGen       total 20480K, used 7320K [0x00000000e2600000, 0x00000000e3a00000, 0x00000000f6200000)
  object space 20480K, 35% used [0x00000000e2600000,0x00000000e2d261c8,0x00000000e3a00000)
 Metaspace       used 17243K, capacity 17726K, committed 17792K, reserved 1064960K
  class space    used 2259K, capacity 2406K, committed 2432K, reserved 1048576K
}
Event: 2.633 GC heap before
{Heap before GC invocations=8 (full 0):
 PSYoungGen      total 35840K, used 28679K [0x00000000f6200000, 0x00000000faa00000, 0x0000000100000000)
  eden space 32768K, 78% used [0x00000000f6200000,0x00000000f7b05d80,0x00000000f8200000)
  from space 3072K, 99% used [0x00000000f8200000,0x00000000f84fc008,0x00000000f8500000)
  to   space 4096K, 0% used [0x00000000fa600000,0x00000000fa600000,0x00000000faa00000)
 ParOldGen       total 20480K, used 7320K [0x00000000e2600000, 0x00000000e3a00000, 0x00000000f6200000)
  object space 20480K, 35% used [0x00000000e2600000,0x00000000e2d261c8,0x00000000e3a00000)
 Metaspace       used 20722K, capacity 21232K, committed 21296K, reserved 1067008K
  class space    used 2674K, capacity 2829K, committed 2864K, reserved 1048576K
Event: 2.648 GC heap after
Heap after GC invocations=8 (full 0):
 PSYoungGen      total 68608K, used 4065K [0x00000000f6200000, 0x00000000fac00000, 0x0000000100000000)
  eden space 64512K, 0% used [0x00000000f6200000,0x00000000f6200000,0x00000000fa100000)
  from space 4096K, 99% used [0x00000000fa600000,0x00000000fa9f8788,0x00000000faa00000)
  to   space 5120K, 0% used [0x00000000fa100000,0x00000000fa100000,0x00000000fa600000)
 ParOldGen       total 20480K, used 8207K [0x00000000e2600000, 0x00000000e3a00000, 0x00000000f6200000)
  object space 20480K, 40% used [0x00000000e2600000,0x00000000e2e03d10,0x00000000e3a00000)
 Metaspace       used 20722K, capacity 21232K, committed 21296K, reserved 1067008K
  class space    used 2674K, capacity 2829K, committed 2864K, reserved 1048576K
}
Event: 2.648 GC heap before
{Heap before GC invocations=9 (full 1):
 PSYoungGen      total 68608K, used 4065K [0x00000000f6200000, 0x00000000fac00000, 0x0000000100000000)
  eden space 64512K, 0% used [0x00000000f6200000,0x00000000f6200000,0x00000000fa100000)
  from space 4096K, 99% used [0x00000000fa600000,0x00000000fa9f8788,0x00000000faa00000)
  to   space 5120K, 0% used [0x00000000fa100000,0x00000000fa100000,0x00000000fa600000)
 ParOldGen       total 20480K, used 8207K [0x00000000e2600000, 0x00000000e3a00000, 0x00000000f6200000)
  object space 20480K, 40% used [0x00000000e2600000,0x00000000e2e03d10,0x00000000e3a00000)
 Metaspace       used 20722K, capacity 21232K, committed 21296K, reserved 1067008K
  class space    used 2674K, capacity 2829K, committed 2864K, reserved 1048576K
Event: 2.710 GC heap after
Heap after GC invocations=9 (full 1):
 PSYoungGen      total 68608K, used 0K [0x00000000f6200000, 0x00000000fac00000, 0x0000000100000000)
  eden space 64512K, 0% used [0x00000000f6200000,0x00000000f6200000,0x00000000fa100000)
  from space 4096K, 0% used [0x00000000fa600000,0x00000000fa600000,0x00000000faa00000)
  to   space 5120K, 0% used [0x00000000fa100000,0x00000000fa100000,0x00000000fa600000)
 ParOldGen       total 23040K, used 9546K [0x00000000e2600000, 0x00000000e3c80000, 0x00000000f6200000)
  object space 23040K, 41% used [0x00000000e2600000,0x00000000e2f52a30,0x00000000e3c80000)
 Metaspace       used 20722K, capacity 21232K, committed 21296K, reserved 1067008K
  class space    used 2674K, capacity 2829K, committed 2864K, reserved 1048576K
}
Event: 3.671 GC heap before
{Heap before GC invocations=10 (full 1):
 PSYoungGen      total 68608K, used 64512K [0x00000000f6200000, 0x00000000fac00000, 0x0000000100000000)
  eden space 64512K, 100% used [0x00000000f6200000,0x00000000fa100000,0x00000000fa100000)
  from space 4096K, 0% used [0x00000000fa600000,0x00000000fa600000,0x00000000faa00000)
  to   space 5120K, 0% used [0x00000000fa100000,0x00000000fa100000,0x00000000fa600000)
 ParOldGen       total 23040K, used 9546K [0x00000000e2600000, 0x00000000e3c80000, 0x00000000f6200000)
  object space 23040K, 41% used [0x00000000e2600000,0x00000000e2f52a30,0x00000000e3c80000)
 Metaspace       used 22301K, capacity 23062K, committed 23344K, reserved 1069056K
  class space    used 2912K, capacity 3089K, committed 3120K, reserved 1048576K
Event: 3.683 GC heap after
Heap after GC invocations=10 (full 1):
 PSYoungGen      total 69632K, used 4246K [0x00000000f6200000, 0x00000000fc280000, 0x0000000100000000)
  eden space 64512K, 0% used [0x00000000f6200000,0x00000000f6200000,0x00000000fa100000)
  from space 5120K, 82% used [0x00000000fa100000,0x00000000fa525898,0x00000000fa600000)
  to   space 5632K, 0% used [0x00000000fbd00000,0x00000000fbd00000,0x00000000fc280000)
 ParOldGen       total 23040K, used 9554K [0x00000000e2600000, 0x00000000e3c80000, 0x00000000f6200000)
  object space 23040K, 41% used [0x00000000e2600000,0x00000000e2f54a30,0x00000000e3c80000)
 Metaspace       used 22301K, capacity 23062K, committed 23344K, reserved 1069056K
  class space    used 2912K, capacity 3089K, committed 3120K, reserved 1048576K
}
Event: 4.843 GC heap before
{Heap before GC invocations=11 (full 1):
 PSYoungGen      total 69632K, used 68758K [0x00000000f6200000, 0x00000000fc280000, 0x0000000100000000)
  eden space 64512K, 100% used [0x00000000f6200000,0x00000000fa100000,0x00000000fa100000)
  from space 5120K, 82% used [0x00000000fa100000,0x00000000fa525898,0x00000000fa600000)
  to   space 5632K, 0% used [0x00000000fbd00000,0x00000000fbd00000,0x00000000fc280000)
 ParOldGen       total 23040K, used 9554K [0x00000000e2600000, 0x00000000e3c80000, 0x00000000f6200000)
  object space 23040K, 41% used [0x00000000e2600000,0x00000000e2f54a30,0x00000000e3c80000)
 Metaspace       used 25216K, capacity 26376K, committed 26672K, reserved 1073152K
  class space    used 3332K, capacity 3569K, committed 3632K, reserved 1048576K
Event: 4.858 GC heap after
Heap after GC invocations=11 (full 1):
 PSYoungGen      total 91648K, used 5621K [0x00000000f6200000, 0x00000000fc300000, 0x0000000100000000)
  eden space 86016K, 0% used [0x00000000f6200000,0x00000000f6200000,0x00000000fb600000)
  from space 5632K, 99% used [0x00000000fbd00000,0x00000000fc27d788,0x00000000fc280000)
  to   space 6656K, 0% used [0x00000000fb600000,0x00000000fb600000,0x00000000fbc80000)
 ParOldGen       total 23040K, used 10847K [0x00000000e2600000, 0x00000000e3c80000, 0x00000000f6200000)
  object space 23040K, 47% used [0x00000000e2600000,0x00000000e3097f80,0x00000000e3c80000)
 Metaspace       used 25216K, capacity 26376K, committed 26672K, reserved 1073152K
  class space    used 3332K, capacity 3569K, committed 3632K, reserved 1048576K
}
Event: 6.643 GC heap before
{Heap before GC invocations=12 (full 1):
 PSYoungGen      total 91648K, used 91637K [0x00000000f6200000, 0x00000000fc300000, 0x0000000100000000)
  eden space 86016K, 100% used [0x00000000f6200000,0x00000000fb600000,0x00000000fb600000)
  from space 5632K, 99% used [0x00000000fbd00000,0x00000000fc27d788,0x00000000fc280000)
  to   space 6656K, 0% used [0x00000000fb600000,0x00000000fb600000,0x00000000fbc80000)
 ParOldGen       total 23040K, used 10847K [0x00000000e2600000, 0x00000000e3c80000, 0x00000000f6200000)
  object space 23040K, 47% used [0x00000000e2600000,0x00000000e3097f80,0x00000000e3c80000)
 Metaspace       used 29366K, capacity 30624K, committed 30896K, reserved 1075200K
  class space    used 3887K, capacity 4155K, committed 4272K, reserved 1048576K

